[0.271s] DEBUG:colcon:Command line arguments: ['/usr/bin/colcon', 'list', '-p', '--base-paths', '/home/pat/gps/src/tutorial_interfaces/srv']
[0.272s] DEBUG:colcon:Parsed command line arguments: Namespace(base_paths=['/home/pat/gps/src/tutorial_interfaces/srv'], build_base='build', ignore_user_meta=False, log_base=None, log_level=None, main=<bound method ListVerb.main of <colcon_package_information.verb.list.ListVerb object at 0x7f985614bc10>>, metas=['./colcon.meta'], names_only=False, packages_above=None, packages_above_and_dependencies=None, packages_above_depth=None, packages_end=None, packages_ignore=None, packages_ignore_regex=None, packages_select=None, packages_select_build_failed=False, packages_select_by_dep=None, packages_select_regex=None, packages_select_test_failures=False, packages_skip=None, packages_skip_build_finished=False, packages_skip_by_dep=None, packages_skip_regex=None, packages_skip_test_passed=False, packages_skip_up_to=None, packages_start=None, packages_up_to=None, packages_up_to_regex=None, paths=None, paths_only=True, topological_graph=False, topological_graph_density=False, topological_graph_dot=False, topological_graph_dot_cluster=False, topological_graph_dot_include_skipped=False, topological_graph_legend=False, topological_order=False, verb_extension=<colcon_package_information.verb.list.ListVerb object at 0x7f985614bc10>, verb_name='list', verb_parser=<colcon_defaults.argument_parser.defaults.DefaultArgumentsDecorator object at 0x7f9855ff3610>)
[0.306s] Level 1:colcon.colcon_core.package_discovery:discover_packages(colcon_meta) check parameters
[0.306s] Level 1:colcon.colcon_core.package_discovery:discover_packages(recursive) check parameters
[0.306s] Level 1:colcon.colcon_core.package_discovery:discover_packages(ignore) check parameters
[0.306s] Level 1:colcon.colcon_core.package_discovery:discover_packages(path) check parameters
[0.306s] Level 1:colcon.colcon_core.package_discovery:discover_packages(recursive) discover
[0.306s] INFO:colcon.colcon_core.package_discovery:Crawling recursively for packages in '/home/pat/gps/src/tutorial_interfaces/srv'
[0.306s] Level 1:colcon.colcon_core.package_identification:_identify(/home/pat/gps/src/tutorial_interfaces/srv) by extensions ['ignore', 'ignore_ament_install']
[0.306s] Level 1:colcon.colcon_core.package_identification:_identify(/home/pat/gps/src/tutorial_interfaces/srv) by extension 'ignore'
[0.306s] Level 1:colcon.colcon_core.package_identification:_identify(/home/pat/gps/src/tutorial_interfaces/srv) by extension 'ignore_ament_install'
[0.307s] Level 1:colcon.colcon_core.package_identification:_identify(/home/pat/gps/src/tutorial_interfaces/srv) by extensions ['colcon_pkg']
[0.307s] Level 1:colcon.colcon_core.package_identification:_identify(/home/pat/gps/src/tutorial_interfaces/srv) by extension 'colcon_pkg'
[0.307s] Level 1:colcon.colcon_core.package_identification:_identify(/home/pat/gps/src/tutorial_interfaces/srv) by extensions ['colcon_meta']
[0.307s] Level 1:colcon.colcon_core.package_identification:_identify(/home/pat/gps/src/tutorial_interfaces/srv) by extension 'colcon_meta'
[0.307s] Level 1:colcon.colcon_core.package_identification:_identify(/home/pat/gps/src/tutorial_interfaces/srv) by extensions ['ros']
[0.307s] Level 1:colcon.colcon_core.package_identification:_identify(/home/pat/gps/src/tutorial_interfaces/srv) by extension 'ros'
[0.319s] Level 1:colcon.colcon_core.package_identification:_identify(/home/pat/gps/src/tutorial_interfaces/srv) by extensions ['cmake', 'python']
[0.319s] Level 1:colcon.colcon_core.package_identification:_identify(/home/pat/gps/src/tutorial_interfaces/srv) by extension 'cmake'
[0.319s] Level 1:colcon.colcon_core.package_identification:_identify(/home/pat/gps/src/tutorial_interfaces/srv) by extension 'python'
[0.319s] Level 1:colcon.colcon_core.package_identification:_identify(/home/pat/gps/src/tutorial_interfaces/srv) by extensions ['python_setup_py']
[0.319s] Level 1:colcon.colcon_core.package_identification:_identify(/home/pat/gps/src/tutorial_interfaces/srv) by extension 'python_setup_py'
[0.319s] Level 1:colcon.colcon_core.package_identification:_identify(/home/pat/gps/src/tutorial_interfaces/srv/log) by extensions ['ignore', 'ignore_ament_install']
[0.319s] Level 1:colcon.colcon_core.package_identification:_identify(/home/pat/gps/src/tutorial_interfaces/srv/log) by extension 'ignore'
[0.319s] Level 1:colcon.colcon_core.package_identification:_identify(/home/pat/gps/src/tutorial_interfaces/srv/log) ignored
[0.319s] Level 1:colcon.colcon_core.package_discovery:discover_packages(recursive) using defaults
